<?xml version="1.0" encoding="utf-8" ?>
<testsuites tests="18" failures="0" skipped="0" time="0.288881">
  <testsuite name="test_mpbMathCrc" tests="9" failures="0" skipped="0" time="0.160493">
    <testcase name="test_eMpbMathCrcInit_CheckUpFailed_Failed" />
    <testcase name="test_eMpbMathCrcInit_Success" />
    <testcase name="test_eMpbMathCrcCalculate_WrongParameters_Failed" />
    <testcase name="test_eMpbMathCrcCalculate_MallocFailed_Failed" />
    <testcase name="test_eMpbMathCrcCalculate_CRC16_NoReflection_Success" />
    <testcase name="test_eMpbMathCrcValidate_WrongParameters_Failed" />
    <testcase name="test_eMpbMathCrcValidate_MallocFailed_Failed" />
    <testcase name="test_eMpbMathCrcValidate_CRC32_NoReflexion_Success" />
    <testcase name="test_eMpbMathCrcValidate_CRC32_NoReflexion_Failed" />
  </testsuite>
  <testsuite name="test_mpbMathCrcUtil" tests="9" failures="0" skipped="0" time="0.128387">
    <testcase name="test_vMpbMathCrcReflectData_Success" />
    <testcase name="test_vMpbMathCrcReflectBytes_Success" />
    <testcase name="test_vMpbMathCrcUtilPreCalculate_CRC16_CheckValue_Success" />
    <testcase name="test_vMpbMathCrcUtilPreCalculate_CRC16_Success" />
    <testcase name="test_vMpbMathCrcUtilPreCalculate_CRC16_test2_Success" />
    <testcase name="test_vMpbMathCrcUtilPreCalculate_CRC16_2_Success" />
    <testcase name="test_vMpbMathCrcUtilPreCalculate_CRC16_3_Success" />
    <testcase name="test_vMpbMathCrcUtilPreCalculate_CRC16_4_Success" />
    <testcase name="test_vMpbMathCrcUtilPreCalculate_CRC8_Success" />
  </testsuite>
</testsuites>
